<?xml version="1.0" encoding="UTF-8"?>
<testsuite xmlns:xsi="http://www.w3.org/2001/XMLSchema-instance" xsi:noNamespaceSchemaLocation="https://maven.apache.org/surefire/maven-surefire-plugin/xsd/surefire-test-report-3.0.xsd" version="3.0" name="se.kth.iv1350.seminar3.model.ItemTest" time="0.068" tests="7" errors="0" skipped="0" failures="0">
  <properties>
[...]
</properties>
  <testcase name="testGetItemDescriptionMatchesExpectedDescription" classname="se.kth.iv1350.seminar3.model.ItemTest" time="0.027">
    <system-out><![CDATA[getItemDescription
]]></system-out>
  </testcase>
  <testcase name="testGetItemAmount" classname="se.kth.iv1350.seminar3.model.ItemTest" time="0.0">
    <system-out><![CDATA[getItemAmount
]]></system-out>
  </testcase>
  <testcase name="testGetItemNameMatchesExpectedItemName" classname="se.kth.iv1350.seminar3.model.ItemTest" time="0.006">
    <system-out><![CDATA[getItemName
]]></system-out>
  </testcase>
  <testcase name="testGetVATEqualsExpectedVAT" classname="se.kth.iv1350.seminar3.model.ItemTest" time="0.002">
    <system-out><![CDATA[getVAT
]]></system-out>
  </testcase>
  <testcase name="testIncreaseAmountEqualsExpectedIncreasedAmount" classname="se.kth.iv1350.seminar3.model.ItemTest" time="0.001">
    <system-out><![CDATA[increaseAmount
]]></system-out>
  </testcase>
  <testcase name="testGetItemId" classname="se.kth.iv1350.seminar3.model.ItemTest" time="0.002">
    <system-out><![CDATA[getItemId
]]></system-out>
  </testcase>
  <testcase name="testGetPriceEqualsExpectedPrice" classname="se.kth.iv1350.seminar3.model.ItemTest" time="0.002">
    <system-out><![CDATA[getPrice
]]></system-out>
  </testcase>
</testsuite>